<?xml version="1.0" encoding="UTF-8"?>
<testng-results ignored="0" total="1" passed="1" failed="0" skipped="0">
  <reporter-output>
  </reporter-output>
  <suite started-at="2023-12-18T19:40:17 BDT" name="Default Suite" finished-at="2023-12-18T19:40:42 BDT" duration-ms="24717">
    <groups>
    </groups>
    <test started-at="2023-12-18T19:40:17 BDT" name="TestForNexxvali" finished-at="2023-12-18T19:40:42 BDT" duration-ms="24717">
      <class name="islahiArtTest.loginPageTest">
        <test-method is-config="true" signature="launchBrowser()[pri:0, instance:islahiArtTest.loginPageTest@7995092a]" started-at="2023-12-18T19:40:17 BDT" name="launchBrowser" finished-at="2023-12-18T19:40:36 BDT" duration-ms="18720" status="PASS">
          <reporter-output>
          </reporter-output>
        </test-method> <!-- launchBrowser -->
        <test-method signature="verifyLogin()[pri:0, instance:islahiArtTest.loginPageTest@7995092a]" started-at="2023-12-18T19:40:36 BDT" name="verifyLogin" finished-at="2023-12-18T19:40:42 BDT" duration-ms="5950" status="PASS">
          <reporter-output>
          </reporter-output>
        </test-method> <!-- verifyLogin -->
      </class> <!-- islahiArtTest.loginPageTest -->
    </test> <!-- TestForNexxvali -->
  </suite> <!-- Default Suite -->
</testng-results>
