<?xml version="1.0" encoding="UTF-8"?>
<testng-results ignored="0" total="1" passed="1" failed="0" skipped="0">
  <reporter-output>
  </reporter-output>
  <suite started-at="2023-12-19T01:16:52 BDT" name="Default Suite" finished-at="2023-12-19T01:17:19 BDT" duration-ms="26123">
    <groups>
    </groups>
    <test started-at="2023-12-19T01:16:52 BDT" name="TestForNexxvali" finished-at="2023-12-19T01:17:19 BDT" duration-ms="26123">
      <class name="islahiArtTest.loginPageTest">
        <test-method is-config="true" signature="setup()[pri:0, instance:islahiArtTest.loginPageTest@7e19ebf0]" started-at="2023-12-19T01:16:52 BDT" name="setup" finished-at="2023-12-19T01:17:16 BDT" duration-ms="23944" status="PASS">
          <reporter-output>
          </reporter-output>
        </test-method> <!-- setup -->
        <test-method signature="verifyLogin()[pri:0, instance:islahiArtTest.loginPageTest@7e19ebf0]" started-at="2023-12-19T01:17:16 BDT" name="verifyLogin" finished-at="2023-12-19T01:17:19 BDT" duration-ms="2126" status="PASS">
          <reporter-output>
          </reporter-output>
        </test-method> <!-- verifyLogin -->
      </class> <!-- islahiArtTest.loginPageTest -->
    </test> <!-- TestForNexxvali -->
  </suite> <!-- Default Suite -->
</testng-results>
